<?xml version="1.0" encoding="UTF-8"?>
<!-- Generated by org.testng.reporters.JUnitReportReporter -->
<testsuite hostname="shahar-laptop" name="aaa.NewTest" tests="1" failures="0" timestamp="29 Jul 2017 08:41:41 GMT" time="29.702" errors="0">
  <testcase name="f" time="29.702" classname="aaa.NewTest"/>
</testsuite> <!-- aaa.NewTest -->
