<?xml version="1.0" encoding="UTF-8"?>
<!-- Generated by org.testng.reporters.JUnitReportReporter -->
<testsuite hostname="shahar-laptop" name="aaa.DisplayDate" tests="1" failures="0" timestamp="5 Aug 2017 17:35:52 GMT" time="0.564" errors="0">
  <testcase name="testDisplayDate" time="0.564" classname="aaa.DisplayDate"/>
</testsuite> <!-- aaa.DisplayDate -->
