<?xml version="1.0" encoding="UTF-8"?>
<!-- Generated by org.testng.reporters.JUnitReportReporter -->
<testsuite hostname="shahar-laptop" name="aaa.NewTest" tests="1" failures="0" timestamp="22 Jul 2017 08:11:36 GMT" time="22.150" errors="0">
  <testcase name="f" time="22.150" classname="aaa.NewTest"/>
</testsuite> <!-- aaa.NewTest -->
