<?xml version="1.0" encoding="UTF-8"?>
<!-- Generated by org.testng.reporters.JUnitReportReporter -->
<testsuite hostname="shahar-laptop" name="aaa.Hello" tests="1" failures="0" timestamp="9 Aug 2017 17:35:36 GMT" time="0.947" errors="0">
  <testcase name="testHello" time="0.947" classname="aaa.Hello"/>
</testsuite> <!-- aaa.Hello -->
